<html>
<head>
<title>TestNG:  Command line test</title>
<link href="../testng.css" rel="stylesheet" type="text/css" />
<link href="../my-testng.css" rel="stylesheet" type="text/css" />

<style type="text/css">
.log { display: none;} 
.stack-trace { display: none;} 
</style>
<script type="text/javascript">
<!--
function flip(e) {
  current = e.style.display;
  if (current == 'block') {
    e.style.display = 'none';
    return 0;
  }
  else {
    e.style.display = 'block';
    return 1;
  }
}

function toggleBox(szDivId, elem, msg1, msg2)
{
  var res = -1;  if (document.getElementById) {
    res = flip(document.getElementById(szDivId));
  }
  else if (document.all) {
    // this is the way old msie versions work
    res = flip(document.all[szDivId]);
  }
  if(elem) {
    if(res == 0) elem.innerHTML = msg1; else elem.innerHTML = msg2;
  }

}

function toggleAllBoxes() {
  if (document.getElementsByTagName) {
    d = document.getElementsByTagName('div');
    for (i = 0; i < d.length; i++) {
      if (d[i].className == 'log') {
        flip(d[i]);
      }
    }
  }
}

// -->
</script>

</head>
<body>
<h2 align='center'>Command line test</h2><table border='1' align="center">
<tr>
<td>Tests passed/Failed/Skipped:</td><td>0/1/0</td>
</tr><tr>
<td>Started on:</td><td>Tue Dec 14 09:35:47 EST 2021</td>
</tr>
<tr><td>Total time:</td><td>15 seconds (15991 ms)</td>
</tr><tr>
<td>Included groups:</td><td></td>
</tr><tr>
<td>Excluded groups:</td><td></td>
</tr>
</table><p/>
<small><i>(Hover the method name to see the test class name)</i></small><p/>
<table width='100%' border='1' class='invocation-failed'>
<tr><td colspan='4' align='center'><b>FAILED TESTS</b></td></tr>
<tr><td><b>Test method</b></td>
<td width="30%"><b>Exception</b></td>
<td width="10%"><b>Time (seconds)</b></td>
<td><b>Instance</b></td>
</tr>
<tr>
<td title='com.united.TestRunner.runScenario()'><b>runScenario</b><br>Test class: com.united.TestRunner<br>Test method: Runs Cucumber Scenarios<br>Parameters: "Verify app is loaded with a main search window with following tabs: Book, Flight status, Check-in, My trips", "Optional[Smoke Tests]"</td>
<td><div><pre>java.lang.AssertionError: expected [4] but found [0]
	at com.united.steps.Smoke_Tests.page_is_loaded_verify_following_tabs_are_present(Smoke_Tests.java:14)
	at ✽.page is loaded verify following tabs are present(file:///Users/dkaplunskyi/IdeaProjects/united/src/test/resources/features/Smoke_Tests.feature:5)
... Removed 6 stack frames</pre></div><a href='#' onClick='toggleBox("stack-trace345132865", this, "Click to show all stack frames", "Click to hide stack frames")'>Click to show all stack frames</a>
<div class='stack-trace' id='stack-trace345132865'><pre>java.lang.AssertionError: expected [4] but found [0]
	at org.testng.Assert.fail(Assert.java:99)
	at org.testng.Assert.failNotEquals(Assert.java:1037)
	at org.testng.Assert.assertEqualsImpl(Assert.java:140)
	at org.testng.Assert.assertEquals(Assert.java:122)
	at org.testng.Assert.assertEquals(Assert.java:907)
	at org.testng.Assert.assertEquals(Assert.java:917)
	at com.united.steps.Smoke_Tests.page_is_loaded_verify_following_tabs_are_present(Smoke_Tests.java:14)
	at ✽.page is loaded verify following tabs are present(file:///Users/dkaplunskyi/IdeaProjects/united/src/test/resources/features/Smoke_Tests.feature:5)
</pre></div></td>
<td>15</td>
<td>com.united.TestRunner@37ceb1df</td></tr>
</table><p>
</body>
</html>