<?xml version="1.0" encoding="UTF-8"?>
<!-- Generated by org.testng.reporters.JUnitXMLReporter -->
<testsuite ignored="0" hostname="Dmytros-MBP" failures="1" tests="1" name="Command line test" time="15.991" errors="0" timestamp="2021-12-14T09:36:03 EST">
  <testcase classname="io.cucumber.testng.AbstractTestNGCucumberTests" name="runScenario" time="15.856">
    <failure type="java.lang.AssertionError" message="expected [4] but found [0]">
      <![CDATA[java.lang.AssertionError: expected [4] but found [0]
at com.united.steps.Smoke_Tests.page_is_loaded_verify_following_tabs_are_present(Smoke_Tests.java:14)
at âœ½.page is loaded verify following tabs are present(file:///Users/dkaplunskyi/IdeaProjects/united/src/test/resources/features/Smoke_Tests.feature:5)
... Removed 6 stack frames]]>
    </failure>
  </testcase> <!-- runScenario -->
</testsuite> <!-- Command line test -->
