{"uuid":"441f588a-ccfe-48b9-98df-81d9c8bea3cf","historyId":"d616a26bf0bf92fbc60cb1acbe910a3b","fullName":"Regression Tests: Empty flight check-in form should show error messages when searched without filling up","labels":[{"name":"host","value":"Dmytros-MBP.fios-router.home"},{"name":"thread","value":"34000@Dmytros-MBP.fios-router.home.main(1)"},{"name":"feature","value":"Regression Tests"},{"name":"story","value":"Empty flight check-in form should show error messages when searched without filling up"},{"name":"suite","value":"Regression Tests"},{"name":"testClass","value":"Empty flight check-in form should show error messages when searched without filling up"},{"name":"framework","value":"cucumber4jvm"},{"name":"language","value":"java"},{"name":"gherkin_uri","value":"file:///Users/dkaplunskyi/IdeaProjects/united/src/test/resources/features/regression/Check_in.feature"},{"name":"package","value":"src.test.resources.features.regression.Check_in_feature.Regression Tests"}],"links":[],"name":"Empty flight check-in form should show error messages when searched without filling up","status":"broken","statusDetails":{"known":false,"muted":false,"flaky":false,"message":"Expected condition failed: waiting for visibility of [[ChromeDriver: chrome on MAC (29b6468ec15a2f5ecae3337923746db2)] -> css selector: #formSubmitBtn] (tried for 10 second(s) with 500 milliseconds interval)\nBuild info: version: '4.1.0', revision: '87802e897b'\nSystem info: host: 'Dmytros-MBP.fios-router.home', ip: 'fe80:0:0:0:41c:c470:d637:5f1c%en0', os.name: 'Mac OS X', os.arch: 'aarch64', os.version: '11.6', java.version: '17'\nDriver info: org.openqa.selenium.chrome.ChromeDriver\nCapabilities {acceptInsecureCerts: false, browserName: chrome, browserVersion: 96.0.4664.93, chrome: {chromedriverVersion: 96.0.4664.45 (76e4c1bb2ab46..., userDataDir: /var/folders/cg/5l6bcwvx01x...}, goog:chromeOptions: {debuggerAddress: localhost:51380}, javascriptEnabled: true, networkConnectionEnabled: false, pageLoadStrategy: normal, platform: MAC, platformName: MAC, proxy: Proxy(), se:cdp: ws://localhost:51380/devtoo..., se:cdpVersion: 96.0.4664.93, setWindowRect: true, strictFileInteractability: false, timeouts: {implicit: 0, pageLoad: 300000, script: 30000}, unhandledPromptBehavior: dismiss and notify, webauthn:extension:credBlob: true, webauthn:extension:largeBlob: true, webauthn:virtualAuthenticators: true}\nSession ID: 29b6468ec15a2f5ecae3337923746db2","trace":"org.openqa.selenium.TimeoutException: Expected condition failed: waiting for visibility of [[ChromeDriver: chrome on MAC (29b6468ec15a2f5ecae3337923746db2)] -> css selector: #formSubmitBtn] (tried for 10 second(s) with 500 milliseconds interval)\nBuild info: version: '4.1.0', revision: '87802e897b'\nSystem info: host: 'Dmytros-MBP.fios-router.home', ip: 'fe80:0:0:0:41c:c470:d637:5f1c%en0', os.name: 'Mac OS X', os.arch: 'aarch64', os.version: '11.6', java.version: '17'\nDriver info: org.openqa.selenium.chrome.ChromeDriver\nCapabilities {acceptInsecureCerts: false, browserName: chrome, browserVersion: 96.0.4664.93, chrome: {chromedriverVersion: 96.0.4664.45 (76e4c1bb2ab46..., userDataDir: /var/folders/cg/5l6bcwvx01x...}, goog:chromeOptions: {debuggerAddress: localhost:51380}, javascriptEnabled: true, networkConnectionEnabled: false, pageLoadStrategy: normal, platform: MAC, platformName: MAC, proxy: Proxy(), se:cdp: ws://localhost:51380/devtoo..., se:cdpVersion: 96.0.4664.93, setWindowRect: true, strictFileInteractability: false, timeouts: {implicit: 0, pageLoad: 300000, script: 30000}, unhandledPromptBehavior: dismiss and notify, webauthn:extension:credBlob: true, webauthn:extension:largeBlob: true, webauthn:virtualAuthenticators: true}\nSession ID: 29b6468ec15a2f5ecae3337923746db2\n\tat org.openqa.selenium.support.ui.WebDriverWait.timeoutException(WebDriverWait.java:138)\n\tat org.openqa.selenium.support.ui.FluentWait.until(FluentWait.java:231)\n\tat com.united.utility.Common.waitUntilVisibility(Common.java:12)\n\tat com.united.steps.regression.Check_in_steps.click_on_search_button(Check_in_steps.java:21)\n\tat ✽.click on Search button(file:///Users/dkaplunskyi/IdeaProjects/united/src/test/resources/features/regression/Check_in.feature:8)\n"},"stage":"finished","steps":[{"name":"When  home page loaded click Check-in tab","status":"passed","statusDetails":{"known":false,"muted":false,"flaky":false},"stage":"finished","steps":[],"attachments":[],"parameters":[],"start":1638983379135,"stop":1638983379274},{"name":"Then  click on Search button","status":"broken","statusDetails":{"known":false,"muted":false,"flaky":false,"message":"Expected condition failed: waiting for visibility of [[ChromeDriver: chrome on MAC (29b6468ec15a2f5ecae3337923746db2)] -> css selector: #formSubmitBtn] (tried for 10 second(s) with 500 milliseconds interval)\nBuild info: version: '4.1.0', revision: '87802e897b'\nSystem info: host: 'Dmytros-MBP.fios-router.home', ip: 'fe80:0:0:0:41c:c470:d637:5f1c%en0', os.name: 'Mac OS X', os.arch: 'aarch64', os.version: '11.6', java.version: '17'\nDriver info: org.openqa.selenium.chrome.ChromeDriver\nCapabilities {acceptInsecureCerts: false, browserName: chrome, browserVersion: 96.0.4664.93, chrome: {chromedriverVersion: 96.0.4664.45 (76e4c1bb2ab46..., userDataDir: /var/folders/cg/5l6bcwvx01x...}, goog:chromeOptions: {debuggerAddress: localhost:51380}, javascriptEnabled: true, networkConnectionEnabled: false, pageLoadStrategy: normal, platform: MAC, platformName: MAC, proxy: Proxy(), se:cdp: ws://localhost:51380/devtoo..., se:cdpVersion: 96.0.4664.93, setWindowRect: true, strictFileInteractability: false, timeouts: {implicit: 0, pageLoad: 300000, script: 30000}, unhandledPromptBehavior: dismiss and notify, webauthn:extension:credBlob: true, webauthn:extension:largeBlob: true, webauthn:virtualAuthenticators: true}\nSession ID: 29b6468ec15a2f5ecae3337923746db2","trace":"org.openqa.selenium.TimeoutException: Expected condition failed: waiting for visibility of [[ChromeDriver: chrome on MAC (29b6468ec15a2f5ecae3337923746db2)] -> css selector: #formSubmitBtn] (tried for 10 second(s) with 500 milliseconds interval)\nBuild info: version: '4.1.0', revision: '87802e897b'\nSystem info: host: 'Dmytros-MBP.fios-router.home', ip: 'fe80:0:0:0:41c:c470:d637:5f1c%en0', os.name: 'Mac OS X', os.arch: 'aarch64', os.version: '11.6', java.version: '17'\nDriver info: org.openqa.selenium.chrome.ChromeDriver\nCapabilities {acceptInsecureCerts: false, browserName: chrome, browserVersion: 96.0.4664.93, chrome: {chromedriverVersion: 96.0.4664.45 (76e4c1bb2ab46..., userDataDir: /var/folders/cg/5l6bcwvx01x...}, goog:chromeOptions: {debuggerAddress: localhost:51380}, javascriptEnabled: true, networkConnectionEnabled: false, pageLoadStrategy: normal, platform: MAC, platformName: MAC, proxy: Proxy(), se:cdp: ws://localhost:51380/devtoo..., se:cdpVersion: 96.0.4664.93, setWindowRect: true, strictFileInteractability: false, timeouts: {implicit: 0, pageLoad: 300000, script: 30000}, unhandledPromptBehavior: dismiss and notify, webauthn:extension:credBlob: true, webauthn:extension:largeBlob: true, webauthn:virtualAuthenticators: true}\nSession ID: 29b6468ec15a2f5ecae3337923746db2\n\tat org.openqa.selenium.support.ui.WebDriverWait.timeoutException(WebDriverWait.java:138)\n\tat org.openqa.selenium.support.ui.FluentWait.until(FluentWait.java:231)\n\tat com.united.utility.Common.waitUntilVisibility(Common.java:12)\n\tat com.united.steps.regression.Check_in_steps.click_on_search_button(Check_in_steps.java:21)\n\tat ✽.click on Search button(file:///Users/dkaplunskyi/IdeaProjects/united/src/test/resources/features/regression/Check_in.feature:8)\n"},"stage":"finished","steps":[],"attachments":[],"parameters":[],"start":1638983379274,"stop":1638983389363},{"name":"And  verify that the warning messages are displayed","status":"skipped","statusDetails":{"known":false,"muted":false,"flaky":false},"stage":"finished","steps":[],"attachments":[],"parameters":[],"start":1638983389364,"stop":1638983389364}],"attachments":[],"parameters":[],"start":1638983375580,"stop":1638983389471}