{"uuid":"5ce7aaa5-e43b-4324-8a5f-4e46a99ff525","historyId":"d616a26bf0bf92fbc60cb1acbe910a3b","fullName":"Regression Tests: Empty flight check-in form should show error messages when searched without filling up","labels":[{"name":"host","value":"Dmytros-MBP.fios-router.home"},{"name":"thread","value":"33953@Dmytros-MBP.fios-router.home.main(1)"},{"name":"feature","value":"Regression Tests"},{"name":"story","value":"Empty flight check-in form should show error messages when searched without filling up"},{"name":"suite","value":"Regression Tests"},{"name":"testClass","value":"Empty flight check-in form should show error messages when searched without filling up"},{"name":"framework","value":"cucumber4jvm"},{"name":"language","value":"java"},{"name":"gherkin_uri","value":"file:///Users/dkaplunskyi/IdeaProjects/united/src/test/resources/features/regression/Check_in.feature"},{"name":"package","value":"src.test.resources.features.regression.Check_in_feature.Regression Tests"}],"links":[],"name":"Empty flight check-in form should show error messages when searched without filling up","status":"broken","statusDetails":{"known":false,"muted":false,"flaky":false,"message":"Expected condition failed: waiting for visibility of [[ChromeDriver: chrome on MAC (136fc4675c09c84285bd5cf83f903427)] -> css selector: #flightCheckInConfNumber_aria] (tried for 10 second(s) with 500 milliseconds interval)\nBuild info: version: '4.1.0', revision: '87802e897b'\nSystem info: host: 'Dmytros-MBP.fios-router.home', ip: 'fe80:0:0:0:41c:c470:d637:5f1c%en0', os.name: 'Mac OS X', os.arch: 'aarch64', os.version: '11.6', java.version: '17'\nDriver info: org.openqa.selenium.chrome.ChromeDriver\nCapabilities {acceptInsecureCerts: false, browserName: chrome, browserVersion: 96.0.4664.93, chrome: {chromedriverVersion: 96.0.4664.45 (76e4c1bb2ab46..., userDataDir: /var/folders/cg/5l6bcwvx01x...}, goog:chromeOptions: {debuggerAddress: localhost:51334}, javascriptEnabled: true, networkConnectionEnabled: false, pageLoadStrategy: normal, platform: MAC, platformName: MAC, proxy: Proxy(), se:cdp: ws://localhost:51334/devtoo..., se:cdpVersion: 96.0.4664.93, setWindowRect: true, strictFileInteractability: false, timeouts: {implicit: 0, pageLoad: 300000, script: 30000}, unhandledPromptBehavior: dismiss and notify, webauthn:extension:credBlob: true, webauthn:extension:largeBlob: true, webauthn:virtualAuthenticators: true}\nSession ID: 136fc4675c09c84285bd5cf83f903427","trace":"org.openqa.selenium.TimeoutException: Expected condition failed: waiting for visibility of [[ChromeDriver: chrome on MAC (136fc4675c09c84285bd5cf83f903427)] -> css selector: #flightCheckInConfNumber_aria] (tried for 10 second(s) with 500 milliseconds interval)\nBuild info: version: '4.1.0', revision: '87802e897b'\nSystem info: host: 'Dmytros-MBP.fios-router.home', ip: 'fe80:0:0:0:41c:c470:d637:5f1c%en0', os.name: 'Mac OS X', os.arch: 'aarch64', os.version: '11.6', java.version: '17'\nDriver info: org.openqa.selenium.chrome.ChromeDriver\nCapabilities {acceptInsecureCerts: false, browserName: chrome, browserVersion: 96.0.4664.93, chrome: {chromedriverVersion: 96.0.4664.45 (76e4c1bb2ab46..., userDataDir: /var/folders/cg/5l6bcwvx01x...}, goog:chromeOptions: {debuggerAddress: localhost:51334}, javascriptEnabled: true, networkConnectionEnabled: false, pageLoadStrategy: normal, platform: MAC, platformName: MAC, proxy: Proxy(), se:cdp: ws://localhost:51334/devtoo..., se:cdpVersion: 96.0.4664.93, setWindowRect: true, strictFileInteractability: false, timeouts: {implicit: 0, pageLoad: 300000, script: 30000}, unhandledPromptBehavior: dismiss and notify, webauthn:extension:credBlob: true, webauthn:extension:largeBlob: true, webauthn:virtualAuthenticators: true}\nSession ID: 136fc4675c09c84285bd5cf83f903427\n\tat org.openqa.selenium.support.ui.WebDriverWait.timeoutException(WebDriverWait.java:138)\n\tat org.openqa.selenium.support.ui.FluentWait.until(FluentWait.java:231)\n\tat com.united.utility.Common.waitUntilVisibility(Common.java:12)\n\tat com.united.steps.regression.Check_in_steps.verify_that_the_warning_messages_are_displayed(Check_in_steps.java:28)\n\tat ✽.verify that the warning messages are displayed(file:///Users/dkaplunskyi/IdeaProjects/united/src/test/resources/features/regression/Check_in.feature:9)\n"},"stage":"finished","steps":[{"name":"When  home page loaded click Check-in tab","status":"passed","statusDetails":{"known":false,"muted":false,"flaky":false},"stage":"finished","steps":[],"attachments":[],"parameters":[],"start":1638983348915,"stop":1638983349032},{"name":"Then  click on Search button","status":"passed","statusDetails":{"known":false,"muted":false,"flaky":false},"stage":"finished","steps":[],"attachments":[],"parameters":[],"start":1638983349032,"stop":1638983349218},{"name":"And  verify that the warning messages are displayed","status":"broken","statusDetails":{"known":false,"muted":false,"flaky":false,"message":"Expected condition failed: waiting for visibility of [[ChromeDriver: chrome on MAC (136fc4675c09c84285bd5cf83f903427)] -> css selector: #flightCheckInConfNumber_aria] (tried for 10 second(s) with 500 milliseconds interval)\nBuild info: version: '4.1.0', revision: '87802e897b'\nSystem info: host: 'Dmytros-MBP.fios-router.home', ip: 'fe80:0:0:0:41c:c470:d637:5f1c%en0', os.name: 'Mac OS X', os.arch: 'aarch64', os.version: '11.6', java.version: '17'\nDriver info: org.openqa.selenium.chrome.ChromeDriver\nCapabilities {acceptInsecureCerts: false, browserName: chrome, browserVersion: 96.0.4664.93, chrome: {chromedriverVersion: 96.0.4664.45 (76e4c1bb2ab46..., userDataDir: /var/folders/cg/5l6bcwvx01x...}, goog:chromeOptions: {debuggerAddress: localhost:51334}, javascriptEnabled: true, networkConnectionEnabled: false, pageLoadStrategy: normal, platform: MAC, platformName: MAC, proxy: Proxy(), se:cdp: ws://localhost:51334/devtoo..., se:cdpVersion: 96.0.4664.93, setWindowRect: true, strictFileInteractability: false, timeouts: {implicit: 0, pageLoad: 300000, script: 30000}, unhandledPromptBehavior: dismiss and notify, webauthn:extension:credBlob: true, webauthn:extension:largeBlob: true, webauthn:virtualAuthenticators: true}\nSession ID: 136fc4675c09c84285bd5cf83f903427","trace":"org.openqa.selenium.TimeoutException: Expected condition failed: waiting for visibility of [[ChromeDriver: chrome on MAC (136fc4675c09c84285bd5cf83f903427)] -> css selector: #flightCheckInConfNumber_aria] (tried for 10 second(s) with 500 milliseconds interval)\nBuild info: version: '4.1.0', revision: '87802e897b'\nSystem info: host: 'Dmytros-MBP.fios-router.home', ip: 'fe80:0:0:0:41c:c470:d637:5f1c%en0', os.name: 'Mac OS X', os.arch: 'aarch64', os.version: '11.6', java.version: '17'\nDriver info: org.openqa.selenium.chrome.ChromeDriver\nCapabilities {acceptInsecureCerts: false, browserName: chrome, browserVersion: 96.0.4664.93, chrome: {chromedriverVersion: 96.0.4664.45 (76e4c1bb2ab46..., userDataDir: /var/folders/cg/5l6bcwvx01x...}, goog:chromeOptions: {debuggerAddress: localhost:51334}, javascriptEnabled: true, networkConnectionEnabled: false, pageLoadStrategy: normal, platform: MAC, platformName: MAC, proxy: Proxy(), se:cdp: ws://localhost:51334/devtoo..., se:cdpVersion: 96.0.4664.93, setWindowRect: true, strictFileInteractability: false, timeouts: {implicit: 0, pageLoad: 300000, script: 30000}, unhandledPromptBehavior: dismiss and notify, webauthn:extension:credBlob: true, webauthn:extension:largeBlob: true, webauthn:virtualAuthenticators: true}\nSession ID: 136fc4675c09c84285bd5cf83f903427\n\tat org.openqa.selenium.support.ui.WebDriverWait.timeoutException(WebDriverWait.java:138)\n\tat org.openqa.selenium.support.ui.FluentWait.until(FluentWait.java:231)\n\tat com.united.utility.Common.waitUntilVisibility(Common.java:12)\n\tat com.united.steps.regression.Check_in_steps.verify_that_the_warning_messages_are_displayed(Check_in_steps.java:28)\n\tat ✽.verify that the warning messages are displayed(file:///Users/dkaplunskyi/IdeaProjects/united/src/test/resources/features/regression/Check_in.feature:9)\n"},"stage":"finished","steps":[],"attachments":[],"parameters":[],"start":1638983349218,"stop":1638983359767}],"attachments":[],"parameters":[],"start":1638983344735,"stop":1638983359874}