<?xml version="1.0" encoding="UTF-8"?>
<testng-results ignored="0" total="1" passed="0" failed="1" skipped="0">
  <reporter-output>
  </reporter-output>
  <suite started-at="2021-12-14T09:35:47 EST" name="com.united.TestRunner" finished-at="2021-12-14T09:36:03 EST" duration-ms="15991">
    <groups>
      <group name="cucumber">
        <method signature="AbstractTestNGCucumberTests.runScenario(io.cucumber.testng.PickleWrapper,io.cucumber.testng.FeatureWrapper)[pri:0, instance:com.united.TestRunner@37ceb1df]" name="runScenario" class="io.cucumber.testng.AbstractTestNGCucumberTests"/>
      </group> <!-- cucumber -->
    </groups>
    <test started-at="2021-12-14T09:35:47 EST" name="Command line test" finished-at="2021-12-14T09:36:03 EST" duration-ms="15991">
      <class name="com.united.TestRunner">
        <test-method is-config="true" signature="setUpClass()[pri:0, instance:com.united.TestRunner@37ceb1df]" started-at="2021-12-14T09:35:47 EST" name="setUpClass" finished-at="2021-12-14T09:35:47 EST" duration-ms="116" status="PASS">
          <reporter-output>
          </reporter-output>
        </test-method> <!-- setUpClass -->
        <test-method signature="runScenario(io.cucumber.testng.PickleWrapper,io.cucumber.testng.FeatureWrapper)[pri:0, instance:com.united.TestRunner@37ceb1df]" started-at="2021-12-14T09:35:47 EST" name="runScenario" description="Runs Cucumber Scenarios" data-provider="scenarios" finished-at="2021-12-14T09:36:03 EST" duration-ms="15856" status="FAIL">
          <params>
            <param index="0">
              <value>
                <![CDATA["Verify app is loaded with a main search window with following tabs: Book, Flight status, Check-in, My trips"]]>
              </value>
            </param>
            <param index="1">
              <value>
                <![CDATA["Optional[Smoke Tests]"]]>
              </value>
            </param>
          </params>
          <exception class="java.lang.AssertionError">
            <message>
              <![CDATA[expected [4] but found [0]]]>
            </message>
            <full-stacktrace>
              <![CDATA[java.lang.AssertionError: expected [4] but found [0]
at org.testng.Assert.fail(Assert.java:99)
at org.testng.Assert.failNotEquals(Assert.java:1037)
at org.testng.Assert.assertEqualsImpl(Assert.java:140)
at org.testng.Assert.assertEquals(Assert.java:122)
at org.testng.Assert.assertEquals(Assert.java:907)
at org.testng.Assert.assertEquals(Assert.java:917)
at com.united.steps.Smoke_Tests.page_is_loaded_verify_following_tabs_are_present(Smoke_Tests.java:14)
at âœ½.page is loaded verify following tabs are present(file:///Users/dkaplunskyi/IdeaProjects/united/src/test/resources/features/Smoke_Tests.feature:5)
]]>
            </full-stacktrace>
          </exception> <!-- java.lang.AssertionError -->
          <reporter-output>
          </reporter-output>
        </test-method> <!-- runScenario -->
        <test-method is-config="true" signature="tearDownClass()[pri:0, instance:com.united.TestRunner@37ceb1df]" started-at="2021-12-14T09:36:03 EST" name="tearDownClass" finished-at="2021-12-14T09:36:03 EST" duration-ms="3" status="PASS">
          <reporter-output>
          </reporter-output>
        </test-method> <!-- tearDownClass -->
      </class> <!-- com.united.TestRunner -->
    </test> <!-- Command line test -->
  </suite> <!-- com.united.TestRunner -->
</testng-results>
